============================================================
Toy 2-element Hamiltonian check
============================================================

Pauli decomposition:
  -1.175000 * II
  -0.475000 * IZ
  -0.325000 * ZI
  -0.125000 * ZZ

  Gradient check:
    d/d_gamma  analytic=0.55765462   FD=0.55765462   err=1.88e-11
    d/d_beta   analytic=0.03530236   FD=0.03530236   err=5.79e-12
  Result: PASS

============================================================
4-qubit Hamiltonian check
============================================================

  4-qubit gradient check:
    d/d_gamma  analytic=0.56324267   FD=0.56324267   err=1.94e-11
    d/d_beta   analytic=0.03093483   FD=0.03093483   err=2.90e-12
  Result: PASS

Scenario 1: SNR sweep
  snr_db=0  [30 trials × 4 workers]
    done (30/30 trials)
  snr_db=5  [30 trials × 4 workers]
    done (30/30 trials)
  snr_db=10  [30 trials × 4 workers]
    done (30/30 trials)
  snr_db=15  [30 trials × 4 workers]
    done (30/30 trials)
  snr_db=20  [30 trials × 4 workers]
    done (30/30 trials)
  snr_db=25  [30 trials × 4 workers]
    done (30/30 trials)
  snr_db=30  [30 trials × 4 workers]
    done (30/30 trials)
  Saved results_snr.csv

Scenario 2: N sweep (number of STAR-RIS elements)
  N=16  [30 trials × 4 workers]
    done (30/30 trials)
  N=32  [30 trials × 4 workers]
    done (30/30 trials)
  N=64  [30 trials × 4 workers]
    done (30/30 trials)
  Saved results_N.csv

Scenario 3: Speed sweep
  speed_ms=5  [30 trials × 4 workers]
    done (30/30 trials)
  speed_ms=10  [30 trials × 4 workers]
    done (30/30 trials)
  speed_ms=20  [30 trials × 4 workers]
    done (30/30 trials)
  speed_ms=30  [30 trials × 4 workers]
    done (30/30 trials)
  Saved results_speed.csv

Scenario 4: K (number of cars) sweep
  K=4  [30 trials × 4 workers]
    done (30/30 trials)
  K=8  [30 trials × 4 workers]
    done (30/30 trials)
  K=16  [30 trials × 4 workers]
    done (30/30 trials)
  Saved results_K.csv

======================================================================
Table 1 – SNR sweep
======================================================================
  val      method            SR        E    t(s)   Mem(MB)    circ   c-std    c-slp
  --------------------------------------------------------------------
  0        qaoa           0.676   2807.8  13.184     0.08    1232  0.1645  -0.0004
  0        qddpg          0.472    841.0  21.564     7.35    7280  0.1632  -0.0004
  0        qppo           0.478   4616.0  378.477     2.02  131120  0.1647  -0.0000
  5        qaoa           0.705   2803.6  13.396     0.08    1229  0.1929  +0.0013
  5        qddpg          0.483    841.0  22.086     7.35    7280  0.1905  +0.0011
  5        qppo           0.477   4616.0  380.801     2.02  131120  0.1881  +0.0010
  10       qaoa           1.777   2824.4  15.189     0.08    1243  0.3483  -0.0000
  10       qddpg          1.264    841.0  24.204     7.35    7280  0.3843  +0.0001
  10       qppo           1.268   4616.0  415.736     2.02  131120  0.3819  -0.0007
  15       qaoa           2.752   2826.6  13.897     0.08    1244  0.4764  -0.0004
  15       qddpg          2.064    841.0  23.581     7.35    7280  0.5314  -0.0006
  15       qppo           2.043   4616.0  399.299     2.02  131120  0.4994  -0.0008
  20       qaoa           4.247   2820.3  14.027     0.08    1240  0.5934  -0.0003
  20       qddpg          3.151    841.0  23.167     7.35    7280  0.7008  +0.0001
  20       qppo           3.073   4616.0  392.011     2.02  131120  0.6687  -0.0000
  25       qaoa           7.118   2824.9  13.902     0.08    1243  1.0157  +0.0037
  25       qddpg          4.760    841.0  22.635     7.35    7280  1.2054  +0.0015
  25       qppo           4.546   4616.0  405.617     2.02  131120  1.1100  -0.0013
  30       qaoa           7.813   2821.4  16.034     0.08    1241  1.1623  +0.0020
  30       qddpg          5.031    841.0  26.425     7.35    7280  1.2405  +0.0002
  30       qppo           4.815   4616.0  457.798     2.02  131120  1.1684  +0.0022

======================================================================
Table 2 – N sweep
======================================================================
  val      method            SR        E    t(s)   Mem(MB)    circ   c-std    c-slp
  --------------------------------------------------------------------
  16       qaoa           0.309   2819.7  19.460     0.08    1240  0.0950  +0.0005
  16       qddpg          0.205    841.0  31.223     7.35    7280  0.0931  +0.0004
  16       qppo           0.206   4616.0  538.029     2.02  131120  0.0920  +0.0003
  32       qaoa           0.601   3615.4  35.849     0.08    1130  0.1590  +0.0004
  32       qddpg          0.394    841.0  33.224    12.11    7280  0.1617  +0.0004
  32       qppo           0.389   4616.0  389.994     3.43  131120  0.1615  +0.0001
  64       qaoa           1.294   5099.4  99.389     0.18     840  0.2359  -0.0022
  64       qddpg          0.977    841.0  55.285    21.95    7280  0.2769  -0.0017
  64       qppo           0.951   4616.0  370.580     6.53  131120  0.2656  -0.0014

======================================================================
Table 3 – Speed sweep
======================================================================
  val      method            SR        E    t(s)   Mem(MB)    circ   c-std    c-slp
  --------------------------------------------------------------------
  5        qaoa           0.809   2838.8  12.764     0.08    1253  0.2113  +0.0001
  5        qddpg          0.558    841.0  20.876     7.35    7280  0.2061  -0.0003
  5        qppo           0.557   4616.0  367.718     2.02  131120  0.2086  +0.0003
  10       qaoa           0.630   2820.7  12.816     0.08    1240  0.1753  +0.0002
  10       qddpg          0.417    841.0  20.874     7.35    7280  0.1845  -0.0001
  10       qppo           0.416   4616.0  367.584     2.02  131120  0.1731  -0.0002
  20       qaoa           0.733   2815.2  12.911     0.08    1237  0.1948  +0.0010
  20       qddpg          0.525    841.0  20.998     7.35    7280  0.1918  +0.0005
  20       qppo           0.515   4616.0  369.116     2.02  131120  0.2016  +0.0004
  30       qaoa           0.282   2830.1  12.944     0.08    1247  0.1088  +0.0022
  30       qddpg          0.187    841.0  21.133     7.35    7280  0.1021  +0.0019
  30       qppo           0.188   4616.0  371.980     2.02  131120  0.1029  +0.0019

======================================================================
Table 4 – K sweep
======================================================================
  val      method            SR        E    t(s)   Mem(MB)    circ   c-std    c-slp
  --------------------------------------------------------------------
  4        qaoa           0.671   2817.5  13.363     0.08    1238  0.1723  +0.0013
  4        qddpg          0.475    841.0  21.929     7.35    7280  0.1777  +0.0012
  4        qppo           0.481   4616.0  383.015     2.02  131120  0.1808  +0.0013
  8        qaoa           0.498   2826.1  57.517     0.08    1244  0.1626  +0.0003
  8        qddpg          0.315    841.0  37.640     9.81    7280  0.1488  +0.0002
  8        qppo           0.314   4616.0  375.579     2.88  131120  0.1519  -0.0001
  16       qaoa           0.887   2822.3  358.439     0.09    1242  0.2320  +0.0008
  16       qddpg          0.612    841.0  143.388    14.40    7280  0.2219  +0.0007
  16       qppo           0.608   4616.0  404.492     4.26  131120  0.2243  +0.0004

======================================================================
Complexity & Resource Analysis (mean across all sweep points)
======================================================================
  Method        Time(s)   Mem(MB)  CircEvals    Iters   ConvStd  ConvSlope
  --------------------------------------------------------------------
  qaoa           14.233      0.08       1239     2199    0.5648  +0.00083
  qddpg          23.380      7.35       7280      913    0.6309  +0.00029
  qppo          404.248      2.02     131120     3840    0.5973  +0.00006

Convergence & resource figures...
  Saved fig_complexity_analysis.png
  Saved fig_circuit_evals_N.png

Generating sum-rate figures...
  Saved fig_sumrate_snr.png
  Saved fig_sumrate_speed.png
  Saved fig_sumrate_N.png
  Saved fig_sumrate_K.png
  Saved fig_ee_snr.png
  Saved fig_ee_speed.png
  Saved fig_ee_N.png
  Saved fig_ee_K.png

Done.
