============================================================
Toy 2-element Hamiltonian check
============================================================

Pauli decomposition:
  -1.175000 * II
  -0.475000 * IZ
  -0.325000 * ZI
  -0.125000 * ZZ

  Gradient check:
    d/d_gamma  analytic=0.55765462   FD=0.55765462   err=1.88e-11
    d/d_beta   analytic=0.03530236   FD=0.03530236   err=5.79e-12
  Result: PASS

Scenario 1: SNR sweep
  snr_db=0....................................................................................................
  snr_db=5....................................................................................................
  snr_db=10....................................................................................................
  snr_db=15....................................................................................................
  snr_db=20....................................................................................................
  snr_db=25....................................................................................................
  snr_db=30....................................................................................................
  Saved results_snr.csv

Scenario 2: N sweep (number of STAR-RIS elements)
  N=16....................................................................................................
  N=32....................................................................................................
  N=64....................................................................................................
  Saved results_N.csv

Scenario 3: Speed sweep
  speed_ms=5....................................................................................................
  speed_ms=10....................................................................................................
  speed_ms=20....................................................................................................
  speed_ms=30....................................................................................................
  Saved results_speed.csv

Scenario 4: K (number of cars) sweep
  K=4....................................................................................................
  K=8....................................................................................................
  K=16....................................................................................................
  Saved results_K.csv

======================================================================
Table 1 – SNR sweep
======================================================================
  val      method            SR        E    t(s)   Mem(MB)    circ   c-std    c-slp
  --------------------------------------------------------------------
  0        ddpg           3.497   1005.0   1.593     5.32       0  0.7169  -0.0001
  0        qaoa           2.544    579.4   4.242     0.35      53  0.9446  +0.0006
  0        qddpg          3.497     79.0  14.560     4.37   11472  0.7096  -0.0002
  0        qppo           3.485    125.0   3.206     0.68    2650  0.7154  +0.0002
  0        baseline       3.497      5.0   0.026     0.02       0  0.7273  +0.0010
  5        ddpg           4.133   1005.0   1.593     5.32       0  0.9101  -0.0003
  5        qaoa           3.947    580.3   4.245     0.35      54  1.3005  -0.0018
  5        qddpg          4.164     79.0  14.506     4.37   11472  0.9256  -0.0001
  5        qppo           4.148    125.0   3.204     0.68    2650  0.9259  -0.0012
  5        baseline       4.136      5.0   0.026     0.02       0  0.9074  -0.0011
  10       ddpg           4.899   1005.0   1.597     5.32       0  1.1228  +0.0007
  10       qaoa           5.730    580.1   4.237     0.35      53  1.7827  -0.0030
  10       qddpg          4.942     79.0  14.487     4.37   11472  1.1366  -0.0001
  10       qppo           4.895    125.0   3.214     0.68    2650  1.1030  +0.0006
  10       baseline       4.895      5.0   0.026     0.02       0  1.1252  +0.0017
  15       ddpg           5.150   1005.0   1.592     5.32       0  1.2455  +0.0006
  15       qaoa           7.492    579.9   4.241     0.35      53  2.1192  +0.0022
  15       qddpg          5.192     79.0  14.486     4.37   11472  1.2545  -0.0007
  15       qppo           5.201    125.0   3.205     0.68    2650  1.2675  -0.0011
  15       baseline       5.167      5.0   0.026     0.02       0  1.2487  +0.0018
  20       ddpg           5.275   1005.0   1.601     5.32       0  1.3079  -0.0008
  20       qaoa           8.989    580.2   4.249     0.35      54  2.4915  -0.0008
  20       qddpg          5.268     79.0  14.497     4.37   11472  1.3070  -0.0015
  20       qppo           5.284    125.0   3.206     0.68    2650  1.3174  +0.0001
  20       baseline       5.285      5.0   0.026     0.02       0  1.3146  -0.0042
  25       ddpg           5.359   1005.0   1.594     5.32       0  1.3707  -0.0025
  25       qaoa           9.198    579.7   4.322     0.35      53  2.8261  +0.0011
  25       qddpg          5.334     79.0  14.516     4.37   11472  1.3629  -0.0001
  25       qppo           5.306    125.0   3.215     0.68    2650  1.3629  +0.0001
  25       baseline       5.361      5.0   0.026     0.02       0  1.4050  -0.0015
  30       ddpg           5.310   1005.0   1.593     5.32       0  1.4778  +0.0014
  30       qaoa           8.781    575.1   4.239     0.35      50  3.0302  -0.0017
  30       qddpg          5.283     79.0  14.507     4.37   11472  1.4392  -0.0007
  30       qppo           5.329    125.0   3.206     0.68    2650  1.4456  -0.0000
  30       baseline       5.286      5.0   0.026     0.02       0  1.4576  -0.0013

======================================================================
Table 2 – N sweep
======================================================================
  val      method            SR        E    t(s)   Mem(MB)    circ   c-std    c-slp
  --------------------------------------------------------------------
  16       ddpg           2.997   1005.0   1.590     5.32       0  0.6255  -0.0001
  16       qaoa           2.038    579.1   4.238     0.35      53  0.7617  -0.0012
  16       qddpg          2.988     79.0  14.533     4.37   11472  0.6314  +0.0000
  16       qppo           3.005    125.0   3.208     0.68    2650  0.6368  -0.0010
  16       baseline       2.988      5.0   0.026     0.02       0  0.6328  +0.0002
  32       ddpg           4.005   1005.0   1.865     8.60       0  0.7958  +0.0018
  32       qaoa           3.418    590.5   5.718     0.35      60  1.1650  -0.0004
  32       qddpg          3.998     79.0  14.761     7.15   11472  0.8013  +0.0004
  32       qppo           3.981    125.0   3.214     1.32    2650  0.8155  -0.0012
  32       baseline       4.001      5.0   0.026     0.04       0  0.8097  +0.0016
  64       ddpg           4.395   1005.0   2.413    15.40       0  0.9303  -0.0014
  64       qaoa           4.299    650.8   8.805     0.45     101  1.3737  +0.0006
  64       qddpg          4.386     79.0  15.041    13.00   11472  0.8983  +0.0005
  64       qppo           4.399    125.0   3.253     2.35    2650  0.9188  -0.0006
  64       baseline       4.383      5.0   0.027     0.14       0  0.9110  +0.0001

======================================================================
Table 3 – Speed sweep
======================================================================
  val      method            SR        E    t(s)   Mem(MB)    circ   c-std    c-slp
  --------------------------------------------------------------------
  5        ddpg           2.898   1005.0   1.594     5.32       0  0.6247  +0.0012
  5        qaoa           1.951    578.2   4.241     0.35      52  0.7217  -0.0004
  5        qddpg          2.885     79.0  14.560     4.37   11472  0.6200  +0.0003
  5        qppo           2.894    125.0   3.207     0.68    2650  0.6261  +0.0006
  5        baseline       2.909      5.0   0.026     0.02       0  0.6292  -0.0011
  10       ddpg           3.133   1005.0   1.629     5.32       0  0.6723  +0.0011
  10       qaoa           2.237    583.6   4.312     0.35      56  0.8008  +0.0002
  10       qddpg          3.123     79.0  14.861     4.37   11472  0.6804  -0.0003
  10       qppo           3.135    125.0   3.265     0.68    2650  0.6588  +0.0005
  10       baseline       3.139      5.0   0.026     0.02       0  0.6568  +0.0003
  20       ddpg           3.339   1005.0   1.600     5.32       0  0.7125  -0.0017
  20       qaoa           2.511    579.1   4.258     0.35      53  0.9040  -0.0012
  20       qddpg          3.336     79.0  14.529     4.37   11472  0.7091  +0.0009
  20       qppo           3.345    125.0   3.216     0.68    2650  0.7110  -0.0009
  20       baseline       3.330      5.0   0.026     0.02       0  0.7197  -0.0007
  30       ddpg           3.269   1005.0   1.624     5.32       0  0.7144  -0.0008
  30       qaoa           2.454    575.9   4.250     0.35      51  0.8961  -0.0010
  30       qddpg          3.269     79.0  14.636     4.37   11472  0.7266  -0.0007
  30       qppo           3.254    125.0   3.242     0.68    2650  0.7098  -0.0010
  30       baseline       3.245      5.0   0.026     0.02       0  0.7070  -0.0019

======================================================================
Table 4 – K sweep
======================================================================
  val      method            SR        E    t(s)   Mem(MB)    circ   c-std    c-slp
  --------------------------------------------------------------------
  4        ddpg           3.295   1005.0   1.622     5.32       0  0.6895  +0.0005
  4        qaoa           2.354    577.5   4.213     0.35      52  0.8745  -0.0031
  4        qddpg          3.302     79.0  14.536     4.37   11472  0.6817  +0.0015
  4        qppo           3.283    125.0   3.223     0.68    2650  0.6882  +0.0003
  4        baseline       3.303      5.0   0.026     0.02       0  0.6837  +0.0003
  8        ddpg           3.645   1005.0   1.906     6.94       0  0.6907  -0.0009
  8        qaoa           1.920    589.4  19.121     0.35      60  0.8401  +0.0008
  8        qddpg          3.604     79.0  14.587     5.76   11472  0.6763  -0.0002
  8        qppo           3.633    125.0   3.259     1.00    2650  0.6800  +0.0009
  8        baseline       3.615      5.0   0.055     0.02       0  0.6741  -0.0005
  16       ddpg           3.776   1005.0   2.625     9.87       0  0.6189  +0.0012
  16       qaoa           1.486    589.6  119.683     0.35      60  0.4615  -0.0002
  16       qddpg          3.783     79.0  14.996     8.21   11472  0.6084  +0.0006
  16       qppo           3.779    125.0   3.443     1.63    2650  0.6249  +0.0001
  16       baseline       3.772      5.0   0.143     0.02       0  0.6096  +0.0005

======================================================================
Complexity & Resource Analysis (mean across all sweep points)
======================================================================
  Method        Time(s)   Mem(MB)  CircEvals    Iters   ConvStd  ConvSlope
  --------------------------------------------------------------------
  ddpg            1.595      5.32          0     1050    1.1645  -0.00013
  qaoa            4.253      0.35         53      553    2.0707  -0.00050
  qddpg          14.508      4.37      11472      124    1.1622  -0.00049
  qppo            3.208      0.68       2650      100    1.1625  -0.00019
  baseline        0.026      0.02          0       50    1.1694  -0.00052

Convergence & resource figures...
  Saved fig_complexity_analysis.png
  Saved fig_circuit_evals_N.png

Generating sum-rate figures...
  Saved fig_sumrate_snr.png
  Saved fig_sumrate_speed.png
  Saved fig_sumrate_N.png
  Saved fig_sumrate_K.png
  Saved fig_ee_snr.png
  Saved fig_ee_speed.png
  Saved fig_ee_N.png
  Saved fig_ee_K.png

Done.
